Symlinking /home/phu/catkin_workspace/devel/lib/onrobot_vg_control/OnRobotVGTcpNode.py
Symlinking /home/phu/catkin_workspace/devel/lib/onrobot_vg_control/OnRobotVGSimpleController.py
Symlinking /home/phu/catkin_workspace/devel/lib/onrobot_vg_control/OnRobotVGSimpleControllerServer.py
Symlinking /home/phu/catkin_workspace/devel/lib/onrobot_vg_control/OnRobotVGStatusListener.py
Symlinking /home/phu/catkin_workspace/devel/lib/onrobot_vg_control/cmake.lock
Symlinking /home/phu/catkin_workspace/devel/lib/pkgconfig/onrobot_vg_control.pc
Symlinking /home/phu/catkin_workspace/devel/lib/python3/dist-packages/onrobot_vg_control/__init__.py
Symlinking /home/phu/catkin_workspace/devel/lib/python3/dist-packages/onrobot_vg_control/msg/__init__.py
Symlinking /home/phu/catkin_workspace/devel/lib/python3/dist-packages/onrobot_vg_control/msg/_OnRobotVGInput.py
Symlinking /home/phu/catkin_workspace/devel/lib/python3/dist-packages/onrobot_vg_control/msg/_OnRobotVGOutput.py
Symlinking /home/phu/catkin_workspace/devel/lib/python3/dist-packages/onrobot_vg_control/srv/__init__.py
Symlinking /home/phu/catkin_workspace/devel/lib/python3/dist-packages/onrobot_vg_control/srv/_SetCommand.py
Symlinking /home/phu/catkin_workspace/devel/share/onrobot_vg_control/cmake/onrobot_vg_controlConfig-version.cmake
Symlinking /home/phu/catkin_workspace/devel/share/onrobot_vg_control/cmake/onrobot_vg_control-msg-extras.cmake
Symlinking /home/phu/catkin_workspace/devel/share/onrobot_vg_control/cmake/onrobot_vg_control-msg-paths.cmake
Symlinking /home/phu/catkin_workspace/devel/share/onrobot_vg_control/cmake/onrobot_vg_controlConfig.cmake
Symlinking /home/phu/catkin_workspace/devel/share/gennodejs/ros/onrobot_vg_control/_index.js
Symlinking /home/phu/catkin_workspace/devel/share/gennodejs/ros/onrobot_vg_control/msg/_index.js
Symlinking /home/phu/catkin_workspace/devel/share/gennodejs/ros/onrobot_vg_control/msg/OnRobotVGOutput.js
Symlinking /home/phu/catkin_workspace/devel/share/gennodejs/ros/onrobot_vg_control/msg/OnRobotVGInput.js
Symlinking /home/phu/catkin_workspace/devel/share/gennodejs/ros/onrobot_vg_control/srv/SetCommand.js
Symlinking /home/phu/catkin_workspace/devel/share/gennodejs/ros/onrobot_vg_control/srv/_index.js
Symlinking /home/phu/catkin_workspace/devel/share/roseus/ros/onrobot_vg_control/manifest.l
Symlinking /home/phu/catkin_workspace/devel/share/roseus/ros/onrobot_vg_control/msg/OnRobotVGOutput.l
Symlinking /home/phu/catkin_workspace/devel/share/roseus/ros/onrobot_vg_control/msg/OnRobotVGInput.l
Symlinking /home/phu/catkin_workspace/devel/share/roseus/ros/onrobot_vg_control/srv/SetCommand.l
Symlinking /home/phu/catkin_workspace/devel/share/common-lisp/ros/onrobot_vg_control/msg/_package_OnRobotVGOutput.lisp
Symlinking /home/phu/catkin_workspace/devel/share/common-lisp/ros/onrobot_vg_control/msg/_package_OnRobotVGInput.lisp
Symlinking /home/phu/catkin_workspace/devel/share/common-lisp/ros/onrobot_vg_control/msg/onrobot_vg_control-msg.asd
Symlinking /home/phu/catkin_workspace/devel/share/common-lisp/ros/onrobot_vg_control/msg/OnRobotVGOutput.lisp
Symlinking /home/phu/catkin_workspace/devel/share/common-lisp/ros/onrobot_vg_control/msg/_package.lisp
Symlinking /home/phu/catkin_workspace/devel/share/common-lisp/ros/onrobot_vg_control/msg/OnRobotVGInput.lisp
Symlinking /home/phu/catkin_workspace/devel/share/common-lisp/ros/onrobot_vg_control/srv/_package.lisp
Symlinking /home/phu/catkin_workspace/devel/share/common-lisp/ros/onrobot_vg_control/srv/_package_SetCommand.lisp
Symlinking /home/phu/catkin_workspace/devel/share/common-lisp/ros/onrobot_vg_control/srv/onrobot_vg_control-srv.asd
Symlinking /home/phu/catkin_workspace/devel/share/common-lisp/ros/onrobot_vg_control/srv/SetCommand.lisp
Symlinking /home/phu/catkin_workspace/devel/include/onrobot_vg_control/SetCommandResponse.h
Symlinking /home/phu/catkin_workspace/devel/include/onrobot_vg_control/OnRobotVGInput.h
Symlinking /home/phu/catkin_workspace/devel/include/onrobot_vg_control/SetCommandRequest.h
Symlinking /home/phu/catkin_workspace/devel/include/onrobot_vg_control/OnRobotVGOutput.h
Symlinking /home/phu/catkin_workspace/devel/include/onrobot_vg_control/SetCommand.h
