Linked: (/home/phu/catkin_workspace/devel/.private/onrobot_vg_control/lib/onrobot_vg_control/OnRobotVGTcpNode.py, /home/phu/catkin_workspace/devel/lib/onrobot_vg_control/OnRobotVGTcpNode.py)
Linked: (/home/phu/catkin_workspace/devel/.private/onrobot_vg_control/lib/onrobot_vg_control/OnRobotVGSimpleController.py, /home/phu/catkin_workspace/devel/lib/onrobot_vg_control/OnRobotVGSimpleController.py)
Linked: (/home/phu/catkin_workspace/devel/.private/onrobot_vg_control/lib/onrobot_vg_control/OnRobotVGSimpleControllerServer.py, /home/phu/catkin_workspace/devel/lib/onrobot_vg_control/OnRobotVGSimpleControllerServer.py)
Linked: (/home/phu/catkin_workspace/devel/.private/onrobot_vg_control/lib/onrobot_vg_control/OnRobotVGStatusListener.py, /home/phu/catkin_workspace/devel/lib/onrobot_vg_control/OnRobotVGStatusListener.py)
Linked: (/home/phu/catkin_workspace/devel/.private/onrobot_vg_control/lib/onrobot_vg_control/cmake.lock, /home/phu/catkin_workspace/devel/lib/onrobot_vg_control/cmake.lock)
Linked: (/home/phu/catkin_workspace/devel/.private/onrobot_vg_control/lib/pkgconfig/onrobot_vg_control.pc, /home/phu/catkin_workspace/devel/lib/pkgconfig/onrobot_vg_control.pc)
Linked: (/home/phu/catkin_workspace/devel/.private/onrobot_vg_control/lib/python3/dist-packages/onrobot_vg_control/__init__.py, /home/phu/catkin_workspace/devel/lib/python3/dist-packages/onrobot_vg_control/__init__.py)
Linked: (/home/phu/catkin_workspace/devel/.private/onrobot_vg_control/lib/python3/dist-packages/onrobot_vg_control/msg/__init__.py, /home/phu/catkin_workspace/devel/lib/python3/dist-packages/onrobot_vg_control/msg/__init__.py)
Linked: (/home/phu/catkin_workspace/devel/.private/onrobot_vg_control/lib/python3/dist-packages/onrobot_vg_control/msg/_OnRobotVGInput.py, /home/phu/catkin_workspace/devel/lib/python3/dist-packages/onrobot_vg_control/msg/_OnRobotVGInput.py)
Linked: (/home/phu/catkin_workspace/devel/.private/onrobot_vg_control/lib/python3/dist-packages/onrobot_vg_control/msg/_OnRobotVGOutput.py, /home/phu/catkin_workspace/devel/lib/python3/dist-packages/onrobot_vg_control/msg/_OnRobotVGOutput.py)
Linked: (/home/phu/catkin_workspace/devel/.private/onrobot_vg_control/lib/python3/dist-packages/onrobot_vg_control/srv/__init__.py, /home/phu/catkin_workspace/devel/lib/python3/dist-packages/onrobot_vg_control/srv/__init__.py)
Linked: (/home/phu/catkin_workspace/devel/.private/onrobot_vg_control/lib/python3/dist-packages/onrobot_vg_control/srv/_SetCommand.py, /home/phu/catkin_workspace/devel/lib/python3/dist-packages/onrobot_vg_control/srv/_SetCommand.py)
Linked: (/home/phu/catkin_workspace/devel/.private/onrobot_vg_control/share/onrobot_vg_control/cmake/onrobot_vg_controlConfig-version.cmake, /home/phu/catkin_workspace/devel/share/onrobot_vg_control/cmake/onrobot_vg_controlConfig-version.cmake)
Linked: (/home/phu/catkin_workspace/devel/.private/onrobot_vg_control/share/onrobot_vg_control/cmake/onrobot_vg_control-msg-extras.cmake, /home/phu/catkin_workspace/devel/share/onrobot_vg_control/cmake/onrobot_vg_control-msg-extras.cmake)
Linked: (/home/phu/catkin_workspace/devel/.private/onrobot_vg_control/share/onrobot_vg_control/cmake/onrobot_vg_control-msg-paths.cmake, /home/phu/catkin_workspace/devel/share/onrobot_vg_control/cmake/onrobot_vg_control-msg-paths.cmake)
Linked: (/home/phu/catkin_workspace/devel/.private/onrobot_vg_control/share/onrobot_vg_control/cmake/onrobot_vg_controlConfig.cmake, /home/phu/catkin_workspace/devel/share/onrobot_vg_control/cmake/onrobot_vg_controlConfig.cmake)
Linked: (/home/phu/catkin_workspace/devel/.private/onrobot_vg_control/share/gennodejs/ros/onrobot_vg_control/_index.js, /home/phu/catkin_workspace/devel/share/gennodejs/ros/onrobot_vg_control/_index.js)
Linked: (/home/phu/catkin_workspace/devel/.private/onrobot_vg_control/share/gennodejs/ros/onrobot_vg_control/msg/_index.js, /home/phu/catkin_workspace/devel/share/gennodejs/ros/onrobot_vg_control/msg/_index.js)
Linked: (/home/phu/catkin_workspace/devel/.private/onrobot_vg_control/share/gennodejs/ros/onrobot_vg_control/msg/OnRobotVGOutput.js, /home/phu/catkin_workspace/devel/share/gennodejs/ros/onrobot_vg_control/msg/OnRobotVGOutput.js)
Linked: (/home/phu/catkin_workspace/devel/.private/onrobot_vg_control/share/gennodejs/ros/onrobot_vg_control/msg/OnRobotVGInput.js, /home/phu/catkin_workspace/devel/share/gennodejs/ros/onrobot_vg_control/msg/OnRobotVGInput.js)
Linked: (/home/phu/catkin_workspace/devel/.private/onrobot_vg_control/share/gennodejs/ros/onrobot_vg_control/srv/SetCommand.js, /home/phu/catkin_workspace/devel/share/gennodejs/ros/onrobot_vg_control/srv/SetCommand.js)
Linked: (/home/phu/catkin_workspace/devel/.private/onrobot_vg_control/share/gennodejs/ros/onrobot_vg_control/srv/_index.js, /home/phu/catkin_workspace/devel/share/gennodejs/ros/onrobot_vg_control/srv/_index.js)
Linked: (/home/phu/catkin_workspace/devel/.private/onrobot_vg_control/share/roseus/ros/onrobot_vg_control/manifest.l, /home/phu/catkin_workspace/devel/share/roseus/ros/onrobot_vg_control/manifest.l)
Linked: (/home/phu/catkin_workspace/devel/.private/onrobot_vg_control/share/roseus/ros/onrobot_vg_control/msg/OnRobotVGOutput.l, /home/phu/catkin_workspace/devel/share/roseus/ros/onrobot_vg_control/msg/OnRobotVGOutput.l)
Linked: (/home/phu/catkin_workspace/devel/.private/onrobot_vg_control/share/roseus/ros/onrobot_vg_control/msg/OnRobotVGInput.l, /home/phu/catkin_workspace/devel/share/roseus/ros/onrobot_vg_control/msg/OnRobotVGInput.l)
Linked: (/home/phu/catkin_workspace/devel/.private/onrobot_vg_control/share/roseus/ros/onrobot_vg_control/srv/SetCommand.l, /home/phu/catkin_workspace/devel/share/roseus/ros/onrobot_vg_control/srv/SetCommand.l)
Linked: (/home/phu/catkin_workspace/devel/.private/onrobot_vg_control/share/common-lisp/ros/onrobot_vg_control/msg/_package_OnRobotVGOutput.lisp, /home/phu/catkin_workspace/devel/share/common-lisp/ros/onrobot_vg_control/msg/_package_OnRobotVGOutput.lisp)
Linked: (/home/phu/catkin_workspace/devel/.private/onrobot_vg_control/share/common-lisp/ros/onrobot_vg_control/msg/_package_OnRobotVGInput.lisp, /home/phu/catkin_workspace/devel/share/common-lisp/ros/onrobot_vg_control/msg/_package_OnRobotVGInput.lisp)
Linked: (/home/phu/catkin_workspace/devel/.private/onrobot_vg_control/share/common-lisp/ros/onrobot_vg_control/msg/onrobot_vg_control-msg.asd, /home/phu/catkin_workspace/devel/share/common-lisp/ros/onrobot_vg_control/msg/onrobot_vg_control-msg.asd)
Linked: (/home/phu/catkin_workspace/devel/.private/onrobot_vg_control/share/common-lisp/ros/onrobot_vg_control/msg/OnRobotVGOutput.lisp, /home/phu/catkin_workspace/devel/share/common-lisp/ros/onrobot_vg_control/msg/OnRobotVGOutput.lisp)
Linked: (/home/phu/catkin_workspace/devel/.private/onrobot_vg_control/share/common-lisp/ros/onrobot_vg_control/msg/_package.lisp, /home/phu/catkin_workspace/devel/share/common-lisp/ros/onrobot_vg_control/msg/_package.lisp)
Linked: (/home/phu/catkin_workspace/devel/.private/onrobot_vg_control/share/common-lisp/ros/onrobot_vg_control/msg/OnRobotVGInput.lisp, /home/phu/catkin_workspace/devel/share/common-lisp/ros/onrobot_vg_control/msg/OnRobotVGInput.lisp)
Linked: (/home/phu/catkin_workspace/devel/.private/onrobot_vg_control/share/common-lisp/ros/onrobot_vg_control/srv/_package.lisp, /home/phu/catkin_workspace/devel/share/common-lisp/ros/onrobot_vg_control/srv/_package.lisp)
Linked: (/home/phu/catkin_workspace/devel/.private/onrobot_vg_control/share/common-lisp/ros/onrobot_vg_control/srv/_package_SetCommand.lisp, /home/phu/catkin_workspace/devel/share/common-lisp/ros/onrobot_vg_control/srv/_package_SetCommand.lisp)
Linked: (/home/phu/catkin_workspace/devel/.private/onrobot_vg_control/share/common-lisp/ros/onrobot_vg_control/srv/onrobot_vg_control-srv.asd, /home/phu/catkin_workspace/devel/share/common-lisp/ros/onrobot_vg_control/srv/onrobot_vg_control-srv.asd)
Linked: (/home/phu/catkin_workspace/devel/.private/onrobot_vg_control/share/common-lisp/ros/onrobot_vg_control/srv/SetCommand.lisp, /home/phu/catkin_workspace/devel/share/common-lisp/ros/onrobot_vg_control/srv/SetCommand.lisp)
Linked: (/home/phu/catkin_workspace/devel/.private/onrobot_vg_control/include/onrobot_vg_control/SetCommandResponse.h, /home/phu/catkin_workspace/devel/include/onrobot_vg_control/SetCommandResponse.h)
Linked: (/home/phu/catkin_workspace/devel/.private/onrobot_vg_control/include/onrobot_vg_control/OnRobotVGInput.h, /home/phu/catkin_workspace/devel/include/onrobot_vg_control/OnRobotVGInput.h)
Linked: (/home/phu/catkin_workspace/devel/.private/onrobot_vg_control/include/onrobot_vg_control/SetCommandRequest.h, /home/phu/catkin_workspace/devel/include/onrobot_vg_control/SetCommandRequest.h)
Linked: (/home/phu/catkin_workspace/devel/.private/onrobot_vg_control/include/onrobot_vg_control/OnRobotVGOutput.h, /home/phu/catkin_workspace/devel/include/onrobot_vg_control/OnRobotVGOutput.h)
Linked: (/home/phu/catkin_workspace/devel/.private/onrobot_vg_control/include/onrobot_vg_control/SetCommand.h, /home/phu/catkin_workspace/devel/include/onrobot_vg_control/SetCommand.h)
