Linked: (/home/phu/catkin_workspace/devel/.private/ur_kinematics/lib/libur16e_kin.so, /home/phu/catkin_workspace/devel/lib/libur16e_kin.so)
Linked: (/home/phu/catkin_workspace/devel/.private/ur_kinematics/lib/libur10_kin.so, /home/phu/catkin_workspace/devel/lib/libur10_kin.so)
Linked: (/home/phu/catkin_workspace/devel/.private/ur_kinematics/lib/libur16e_moveit_plugin.so, /home/phu/catkin_workspace/devel/lib/libur16e_moveit_plugin.so)
Linked: (/home/phu/catkin_workspace/devel/.private/ur_kinematics/lib/libur5e_kin.so, /home/phu/catkin_workspace/devel/lib/libur5e_kin.so)
Linked: (/home/phu/catkin_workspace/devel/.private/ur_kinematics/lib/libur20_kin.so, /home/phu/catkin_workspace/devel/lib/libur20_kin.so)
Linked: (/home/phu/catkin_workspace/devel/.private/ur_kinematics/lib/libur10e_moveit_plugin.so, /home/phu/catkin_workspace/devel/lib/libur10e_moveit_plugin.so)
Linked: (/home/phu/catkin_workspace/devel/.private/ur_kinematics/lib/libur5e_moveit_plugin.so, /home/phu/catkin_workspace/devel/lib/libur5e_moveit_plugin.so)
Linked: (/home/phu/catkin_workspace/devel/.private/ur_kinematics/lib/libur3_kin.so, /home/phu/catkin_workspace/devel/lib/libur3_kin.so)
Linked: (/home/phu/catkin_workspace/devel/.private/ur_kinematics/lib/libur10_moveit_plugin.so, /home/phu/catkin_workspace/devel/lib/libur10_moveit_plugin.so)
Linked: (/home/phu/catkin_workspace/devel/.private/ur_kinematics/lib/libur3e_moveit_plugin.so, /home/phu/catkin_workspace/devel/lib/libur3e_moveit_plugin.so)
Linked: (/home/phu/catkin_workspace/devel/.private/ur_kinematics/lib/libur30_kin.so, /home/phu/catkin_workspace/devel/lib/libur30_kin.so)
Linked: (/home/phu/catkin_workspace/devel/.private/ur_kinematics/lib/libur10e_kin.so, /home/phu/catkin_workspace/devel/lib/libur10e_kin.so)
Linked: (/home/phu/catkin_workspace/devel/.private/ur_kinematics/lib/libur3e_kin.so, /home/phu/catkin_workspace/devel/lib/libur3e_kin.so)
Linked: (/home/phu/catkin_workspace/devel/.private/ur_kinematics/lib/libur5_kin.so, /home/phu/catkin_workspace/devel/lib/libur5_kin.so)
Linked: (/home/phu/catkin_workspace/devel/.private/ur_kinematics/lib/libur20_moveit_plugin.so, /home/phu/catkin_workspace/devel/lib/libur20_moveit_plugin.so)
Linked: (/home/phu/catkin_workspace/devel/.private/ur_kinematics/lib/libur3_moveit_plugin.so, /home/phu/catkin_workspace/devel/lib/libur3_moveit_plugin.so)
Linked: (/home/phu/catkin_workspace/devel/.private/ur_kinematics/lib/libur5_moveit_plugin.so, /home/phu/catkin_workspace/devel/lib/libur5_moveit_plugin.so)
Linked: (/home/phu/catkin_workspace/devel/.private/ur_kinematics/lib/libur30_moveit_plugin.so, /home/phu/catkin_workspace/devel/lib/libur30_moveit_plugin.so)
Linked: (/home/phu/catkin_workspace/devel/.private/ur_kinematics/lib/pkgconfig/ur_kinematics.pc, /home/phu/catkin_workspace/devel/lib/pkgconfig/ur_kinematics.pc)
Linked: (/home/phu/catkin_workspace/devel/.private/ur_kinematics/lib/python3/dist-packages/ur_kinematics/__init__.py, /home/phu/catkin_workspace/devel/lib/python3/dist-packages/ur_kinematics/__init__.py)
Linked: (/home/phu/catkin_workspace/devel/.private/ur_kinematics/share/ur_kinematics/cmake/ur_kinematicsConfig.cmake, /home/phu/catkin_workspace/devel/share/ur_kinematics/cmake/ur_kinematicsConfig.cmake)
Linked: (/home/phu/catkin_workspace/devel/.private/ur_kinematics/share/ur_kinematics/cmake/ur_kinematicsConfig-version.cmake, /home/phu/catkin_workspace/devel/share/ur_kinematics/cmake/ur_kinematicsConfig-version.cmake)
