Not searching for unused variables given on the command line.
[36m--[0m The C compiler identification is GNU 9.4.0
[36m--[0m The CXX compiler identification is GNU 9.4.0
[36m--[0m Check for working C compiler: /usr/bin/cc
[36m--[0m Check for working C compiler: /usr/bin/cc -- works
[36m--[0m Detecting C compiler ABI info
[36m--[0m Detecting C compiler ABI info - done
[36m--[0m Detecting C compile features
[36m--[0m Detecting C compile features - done
[36m--[0m Check for working CXX compiler: /usr/bin/c++
[36m--[0m Check for working CXX compiler: /usr/bin/c++ -- works
[36m--[0m Detecting CXX compiler ABI info
[36m--[0m Detecting CXX compiler ABI info - done
[36m--[0m Detecting CXX compile features
[36m--[0m Detecting CXX compile features - done
DEPRECATED CMake variable DEFAULT_CLANG_TIDY_WARNING_ARGS will be removed please use DEFAULT_CLANG_TIDY_CHECKS
DEPRECATED CMake variable DEFAULT_CLANG_TIDY_ERROR_ARGS will be removed please use DEFAULT_CLANG_TIDY_CHECKS
[36m--[0m clang-tidy not found!
[36m--[0m include-what-you-use not found!
[36m--[0m cppcheck not found!
[36m--[0m Configuring done
[36m--[0m Generating done
[36m--[0m Build files have been written to: /home/tossboy/Desktop/Study/Year_4/Winter/Project/Main_Project/catkin_workspace/build/ros_industrial_cmake_boilerplate
