[35m[1mScanning dependencies of target _onrobot_rg_control_generate_messages_check_deps_OnRobotRGInput[0m
[  0%] Built target _onrobot_rg_control_generate_messages_check_deps_OnRobotRGInput
[35m[1mScanning dependencies of target _onrobot_rg_control_generate_messages_check_deps_OnRobotRGOutput[0m
[  0%] Built target _onrobot_rg_control_generate_messages_check_deps_OnRobotRGOutput
[35m[1mScanning dependencies of target _onrobot_rg_control_generate_messages_check_deps_SetCommand[0m
[  0%] Built target _onrobot_rg_control_generate_messages_check_deps_SetCommand
[35m[1mScanning dependencies of target std_srvs_generate_messages_py[0m
[  0%] Built target std_srvs_generate_messages_py
[35m[1mScanning dependencies of target std_srvs_generate_messages_cpp[0m
[  0%] Built target std_srvs_generate_messages_cpp
[35m[1mScanning dependencies of target std_srvs_generate_messages_eus[0m
[  0%] Built target std_srvs_generate_messages_eus
[35m[1mScanning dependencies of target std_srvs_generate_messages_lisp[0m
[  0%] Built target std_srvs_generate_messages_lisp
[35m[1mScanning dependencies of target std_srvs_generate_messages_nodejs[0m
[  0%] Built target std_srvs_generate_messages_nodejs
[35m[1mScanning dependencies of target onrobot_rg_control_generate_messages_py[0m
[  5%] [34m[1mGenerating Python from MSG onrobot_rg_control/OnRobotRGInput[0m
[ 11%] [34m[1mGenerating Python from MSG onrobot_rg_control/OnRobotRGOutput[0m
[ 16%] [34m[1mGenerating Python code from SRV onrobot_rg_control/SetCommand[0m
[ 22%] [34m[1mGenerating Python msg __init__.py for onrobot_rg_control[0m
[ 27%] [34m[1mGenerating Python srv __init__.py for onrobot_rg_control[0m
[ 27%] Built target onrobot_rg_control_generate_messages_py
[35m[1mScanning dependencies of target onrobot_rg_control_generate_messages_cpp[0m
[ 33%] [34m[1mGenerating C++ code from onrobot_rg_control/OnRobotRGInput.msg[0m
[ 38%] [34m[1mGenerating C++ code from onrobot_rg_control/OnRobotRGOutput.msg[0m
[ 44%] [34m[1mGenerating C++ code from onrobot_rg_control/SetCommand.srv[0m
[ 44%] Built target onrobot_rg_control_generate_messages_cpp
[35m[1mScanning dependencies of target onrobot_rg_control_generate_messages_eus[0m
[ 50%] [34m[1mGenerating EusLisp code from onrobot_rg_control/OnRobotRGInput.msg[0m
[ 55%] [34m[1mGenerating EusLisp code from onrobot_rg_control/OnRobotRGOutput.msg[0m
[35m[1mScanning dependencies of target onrobot_rg_control_generate_messages_lisp[0m
[ 61%] [34m[1mGenerating EusLisp code from onrobot_rg_control/SetCommand.srv[0m
[ 66%] [34m[1mGenerating Lisp code from onrobot_rg_control/OnRobotRGInput.msg[0m
[ 72%] [34m[1mGenerating Lisp code from onrobot_rg_control/OnRobotRGOutput.msg[0m
[ 77%] [34m[1mGenerating EusLisp manifest code for onrobot_rg_control[0m
[ 83%] [34m[1mGenerating Lisp code from onrobot_rg_control/SetCommand.srv[0m
[ 83%] Built target onrobot_rg_control_generate_messages_lisp
[35m[1mScanning dependencies of target onrobot_rg_control_generate_messages_nodejs[0m
[ 88%] [34m[1mGenerating Javascript code from onrobot_rg_control/OnRobotRGInput.msg[0m
[ 94%] [34m[1mGenerating Javascript code from onrobot_rg_control/OnRobotRGOutput.msg[0m
[100%] [34m[1mGenerating Javascript code from onrobot_rg_control/SetCommand.srv[0m
[100%] Built target onrobot_rg_control_generate_messages_nodejs
[100%] Built target onrobot_rg_control_generate_messages_eus
[35m[1mScanning dependencies of target onrobot_rg_control_generate_messages[0m
[100%] Built target onrobot_rg_control_generate_messages
