Symlinking /home/tossboy/Desktop/Study/Year_4/Winter/Project/Main_Project/catkin_workspace/devel/include/onrobot_rg_control/SetCommand.h
Symlinking /home/tossboy/Desktop/Study/Year_4/Winter/Project/Main_Project/catkin_workspace/devel/include/onrobot_rg_control/SetCommandResponse.h
Symlinking /home/tossboy/Desktop/Study/Year_4/Winter/Project/Main_Project/catkin_workspace/devel/include/onrobot_rg_control/OnRobotRGInput.h
Symlinking /home/tossboy/Desktop/Study/Year_4/Winter/Project/Main_Project/catkin_workspace/devel/include/onrobot_rg_control/OnRobotRGOutput.h
Symlinking /home/tossboy/Desktop/Study/Year_4/Winter/Project/Main_Project/catkin_workspace/devel/include/onrobot_rg_control/SetCommandRequest.h
Symlinking /home/tossboy/Desktop/Study/Year_4/Winter/Project/Main_Project/catkin_workspace/devel/share/roseus/ros/onrobot_rg_control/manifest.l
Symlinking /home/tossboy/Desktop/Study/Year_4/Winter/Project/Main_Project/catkin_workspace/devel/share/roseus/ros/onrobot_rg_control/msg/OnRobotRGInput.l
Symlinking /home/tossboy/Desktop/Study/Year_4/Winter/Project/Main_Project/catkin_workspace/devel/share/roseus/ros/onrobot_rg_control/msg/OnRobotRGOutput.l
Symlinking /home/tossboy/Desktop/Study/Year_4/Winter/Project/Main_Project/catkin_workspace/devel/share/roseus/ros/onrobot_rg_control/srv/SetCommand.l
Symlinking /home/tossboy/Desktop/Study/Year_4/Winter/Project/Main_Project/catkin_workspace/devel/share/gennodejs/ros/onrobot_rg_control/_index.js
Symlinking /home/tossboy/Desktop/Study/Year_4/Winter/Project/Main_Project/catkin_workspace/devel/share/gennodejs/ros/onrobot_rg_control/msg/OnRobotRGOutput.js
Symlinking /home/tossboy/Desktop/Study/Year_4/Winter/Project/Main_Project/catkin_workspace/devel/share/gennodejs/ros/onrobot_rg_control/msg/OnRobotRGInput.js
Symlinking /home/tossboy/Desktop/Study/Year_4/Winter/Project/Main_Project/catkin_workspace/devel/share/gennodejs/ros/onrobot_rg_control/msg/_index.js
Symlinking /home/tossboy/Desktop/Study/Year_4/Winter/Project/Main_Project/catkin_workspace/devel/share/gennodejs/ros/onrobot_rg_control/srv/_index.js
Symlinking /home/tossboy/Desktop/Study/Year_4/Winter/Project/Main_Project/catkin_workspace/devel/share/gennodejs/ros/onrobot_rg_control/srv/SetCommand.js
Symlinking /home/tossboy/Desktop/Study/Year_4/Winter/Project/Main_Project/catkin_workspace/devel/share/onrobot_rg_control/cmake/onrobot_rg_control-msg-paths.cmake
Symlinking /home/tossboy/Desktop/Study/Year_4/Winter/Project/Main_Project/catkin_workspace/devel/share/onrobot_rg_control/cmake/onrobot_rg_control-msg-extras.cmake
Symlinking /home/tossboy/Desktop/Study/Year_4/Winter/Project/Main_Project/catkin_workspace/devel/share/onrobot_rg_control/cmake/onrobot_rg_controlConfig-version.cmake
Symlinking /home/tossboy/Desktop/Study/Year_4/Winter/Project/Main_Project/catkin_workspace/devel/share/onrobot_rg_control/cmake/onrobot_rg_controlConfig.cmake
Symlinking /home/tossboy/Desktop/Study/Year_4/Winter/Project/Main_Project/catkin_workspace/devel/share/common-lisp/ros/onrobot_rg_control/msg/OnRobotRGOutput.lisp
Symlinking /home/tossboy/Desktop/Study/Year_4/Winter/Project/Main_Project/catkin_workspace/devel/share/common-lisp/ros/onrobot_rg_control/msg/_package_OnRobotRGInput.lisp
Symlinking /home/tossboy/Desktop/Study/Year_4/Winter/Project/Main_Project/catkin_workspace/devel/share/common-lisp/ros/onrobot_rg_control/msg/onrobot_rg_control-msg.asd
Symlinking /home/tossboy/Desktop/Study/Year_4/Winter/Project/Main_Project/catkin_workspace/devel/share/common-lisp/ros/onrobot_rg_control/msg/_package.lisp
Symlinking /home/tossboy/Desktop/Study/Year_4/Winter/Project/Main_Project/catkin_workspace/devel/share/common-lisp/ros/onrobot_rg_control/msg/OnRobotRGInput.lisp
Symlinking /home/tossboy/Desktop/Study/Year_4/Winter/Project/Main_Project/catkin_workspace/devel/share/common-lisp/ros/onrobot_rg_control/msg/_package_OnRobotRGOutput.lisp
Symlinking /home/tossboy/Desktop/Study/Year_4/Winter/Project/Main_Project/catkin_workspace/devel/share/common-lisp/ros/onrobot_rg_control/srv/SetCommand.lisp
Symlinking /home/tossboy/Desktop/Study/Year_4/Winter/Project/Main_Project/catkin_workspace/devel/share/common-lisp/ros/onrobot_rg_control/srv/_package_SetCommand.lisp
Symlinking /home/tossboy/Desktop/Study/Year_4/Winter/Project/Main_Project/catkin_workspace/devel/share/common-lisp/ros/onrobot_rg_control/srv/_package.lisp
Symlinking /home/tossboy/Desktop/Study/Year_4/Winter/Project/Main_Project/catkin_workspace/devel/share/common-lisp/ros/onrobot_rg_control/srv/onrobot_rg_control-srv.asd
Symlinking /home/tossboy/Desktop/Study/Year_4/Winter/Project/Main_Project/catkin_workspace/devel/lib/onrobot_rg_control/OnRobotRGStatusDualListener.py
Symlinking /home/tossboy/Desktop/Study/Year_4/Winter/Project/Main_Project/catkin_workspace/devel/lib/onrobot_rg_control/OnRobotRGSimpleController.py
Symlinking /home/tossboy/Desktop/Study/Year_4/Winter/Project/Main_Project/catkin_workspace/devel/lib/onrobot_rg_control/OnRobotRGStatusListener.py
Symlinking /home/tossboy/Desktop/Study/Year_4/Winter/Project/Main_Project/catkin_workspace/devel/lib/onrobot_rg_control/OnRobotRGTcpNode.py
Symlinking /home/tossboy/Desktop/Study/Year_4/Winter/Project/Main_Project/catkin_workspace/devel/lib/onrobot_rg_control/OnRobotRGDualServer.py
Symlinking /home/tossboy/Desktop/Study/Year_4/Winter/Project/Main_Project/catkin_workspace/devel/lib/onrobot_rg_control/OnRobotRGTcpDualNode.py
Symlinking /home/tossboy/Desktop/Study/Year_4/Winter/Project/Main_Project/catkin_workspace/devel/lib/onrobot_rg_control/cmake.lock
Symlinking /home/tossboy/Desktop/Study/Year_4/Winter/Project/Main_Project/catkin_workspace/devel/lib/onrobot_rg_control/OnRobotRGSimpleControllerServer.py
Symlinking /home/tossboy/Desktop/Study/Year_4/Winter/Project/Main_Project/catkin_workspace/devel/lib/python3/dist-packages/onrobot_rg_control/__init__.py
Symlinking /home/tossboy/Desktop/Study/Year_4/Winter/Project/Main_Project/catkin_workspace/devel/lib/python3/dist-packages/onrobot_rg_control/msg/_OnRobotRGInput.py
Symlinking /home/tossboy/Desktop/Study/Year_4/Winter/Project/Main_Project/catkin_workspace/devel/lib/python3/dist-packages/onrobot_rg_control/msg/_OnRobotRGOutput.py
Symlinking /home/tossboy/Desktop/Study/Year_4/Winter/Project/Main_Project/catkin_workspace/devel/lib/python3/dist-packages/onrobot_rg_control/msg/__init__.py
Symlinking /home/tossboy/Desktop/Study/Year_4/Winter/Project/Main_Project/catkin_workspace/devel/lib/python3/dist-packages/onrobot_rg_control/srv/_SetCommand.py
Symlinking /home/tossboy/Desktop/Study/Year_4/Winter/Project/Main_Project/catkin_workspace/devel/lib/python3/dist-packages/onrobot_rg_control/srv/__init__.py
Symlinking /home/tossboy/Desktop/Study/Year_4/Winter/Project/Main_Project/catkin_workspace/devel/lib/pkgconfig/onrobot_rg_control.pc
